

*******************************************************************************
Fri Apr  6 11:47:58 2018


FIT:    data read from "data" u 1:6
        format = x:z
        #datapoints = 50
        residuals are weighted equally (unit weight)

function used for fitting: f(x)
	f(x)=a+b*x+c*x**2
fitted parameters initialized with current variable values

iter      chisq       delta/lim  lambda   a             b             c            
   0 2.7778222542e+07   0.00e+00  4.17e+02    1.000000e+00   1.000000e+00   1.000000e+00
   7 4.9628995804e-05  -1.37e-10  4.17e-05    3.079159e-03  -2.729723e-04   5.374639e-06

After 7 iterations the fit converged.
final sum of squares of residuals : 4.9629e-05
rel. change during last iteration : -1.36538e-15

degrees of freedom    (FIT_NDF)                        : 47
rms of residuals      (FIT_STDFIT) = sqrt(WSSR/ndf)    : 0.00102759
variance of residuals (reduced chisquare) = WSSR/ndf   : 1.05594e-06

Final set of parameters            Asymptotic Standard Error
=======================            ==========================
a               = 0.00307916       +/- 0.0005841    (18.97%)
b               = -0.000272972     +/- 6.17e-05     (22.6%)
c               = 5.37464e-06      +/- 1.424e-06    (26.5%)

correlation matrix of the fit parameters:
                a      b      c      
a               1.000 
b              -0.917  1.000 
c               0.822 -0.974  1.000 


*******************************************************************************
Fri Apr  6 11:48:18 2018


FIT:    data read from "data" u 1:6
        format = x:z
        #datapoints = 50
        residuals are weighted equally (unit weight)

function used for fitting: f(x)
	f(x)=a+b*x+c*x**2
fitted parameters initialized with current variable values

iter      chisq       delta/lim  lambda   a             b             c            
   0 4.9628995804e-05   0.00e+00  4.71e-03    3.079159e-03  -2.729723e-04   5.374639e-06
   1 4.9628995804e-05   0.00e+00  4.71e-04    3.079159e-03  -2.729723e-04   5.374639e-06

After 1 iterations the fit converged.
final sum of squares of residuals : 4.9629e-05
rel. change during last iteration : 0

degrees of freedom    (FIT_NDF)                        : 47
rms of residuals      (FIT_STDFIT) = sqrt(WSSR/ndf)    : 0.00102759
variance of residuals (reduced chisquare) = WSSR/ndf   : 1.05594e-06

Final set of parameters            Asymptotic Standard Error
=======================            ==========================
a               = 0.00307916       +/- 0.0005841    (18.97%)
b               = -0.000272972     +/- 6.17e-05     (22.6%)
c               = 5.37464e-06      +/- 1.424e-06    (26.5%)

correlation matrix of the fit parameters:
                a      b      c      
a               1.000 
b              -0.917  1.000 
c               0.822 -0.974  1.000 


*******************************************************************************
Fri Apr  6 11:50:07 2018


FIT:    data read from "data" u 1:6
        format = x:z
        #datapoints = 50
        residuals are weighted equally (unit weight)

function used for fitting: f(x)
	f(x)=a+b*x**-1+c*x**-2
fitted parameters initialized with current variable values

iter      chisq       delta/lim  lambda   a             b             c            
   0 4.6420169552e-04   0.00e+00  1.78e-03    3.079159e-03  -2.729723e-04   5.374639e-06
   8 1.9128632659e-06  -4.11e-08  1.78e-11    6.498017e-04  -2.124242e-02   1.261591e-01

After 8 iterations the fit converged.
final sum of squares of residuals : 1.91286e-06
rel. change during last iteration : -4.10705e-13

degrees of freedom    (FIT_NDF)                        : 47
rms of residuals      (FIT_STDFIT) = sqrt(WSSR/ndf)    : 0.00020174
variance of residuals (reduced chisquare) = WSSR/ndf   : 4.06992e-08

Final set of parameters            Asymptotic Standard Error
=======================            ==========================
a               = 0.000649802      +/- 7.233e-05    (11.13%)
b               = -0.0212424       +/- 0.00152      (7.153%)
c               = 0.126159         +/- 0.004977     (3.945%)

correlation matrix of the fit parameters:
                a      b      c      
a               1.000 
b              -0.900  1.000 
c               0.804 -0.955  1.000 


*******************************************************************************
Fri Apr  6 11:50:41 2018


FIT:    data read from "data" u 1:6
        format = x:z
        #datapoints = 50
        residuals are weighted equally (unit weight)

function used for fitting: f(x)
	f(x)=a*exp(-b*x)
fitted parameters initialized with current variable values

iter      chisq       delta/lim  lambda   a             b             c            
   0 1.1798118211e-04   0.00e+00  7.17e-04    6.498017e-04  -2.124242e-02   1.261591e-01
BREAK: Singular matrix in Invert_RtR

*******************************************************************************
Fri Apr  6 11:51:23 2018


FIT:    data read from "data" u 1:6
        format = x:z
        #datapoints = 50
        residuals are weighted equally (unit weight)

function used for fitting: f(x)
	f(x)=a*exp(-b*x)
fitted parameters initialized with current variable values

iter      chisq       delta/lim  lambda   a             b            
   0 3.0547370875e-08   0.00e+00  3.24e-03    2.143196e-01   1.090680e+00
   1 3.0547370875e-08  -2.82e-07  3.24e-03    2.143196e-01   1.090680e+00

After 1 iterations the fit converged.
final sum of squares of residuals : 3.05474e-08
rel. change during last iteration : -2.81574e-12

degrees of freedom    (FIT_NDF)                        : 48
rms of residuals      (FIT_STDFIT) = sqrt(WSSR/ndf)    : 2.5227e-05
variance of residuals (reduced chisquare) = WSSR/ndf   : 6.36404e-10

Final set of parameters            Asymptotic Standard Error
=======================            ==========================
a               = 0.21432          +/- 0.004777     (2.229%)
b               = 1.09068          +/- 0.006989     (0.6408%)

correlation matrix of the fit parameters:
                a      b      
a               1.000 
b               0.992  1.000 


*******************************************************************************
Fri Apr  6 11:59:10 2018


FIT:    data read from "data" u 1:6
        format = x:z
        #datapoints = 50
        residuals are weighted equally (unit weight)

function used for fitting: f(x)
	f(x)=a*exp(-b*x)
fitted parameters initialized with current variable values

iter      chisq       delta/lim  lambda   a             b            
   0 3.0547370875e-08   0.00e+00  3.24e-03    2.143196e-01   1.090680e+00
   1 3.0547370875e-08  -1.30e-09  3.24e-02    2.143196e-01   1.090680e+00

After 1 iterations the fit converged.
final sum of squares of residuals : 3.05474e-08
rel. change during last iteration : -1.29977e-14

degrees of freedom    (FIT_NDF)                        : 48
rms of residuals      (FIT_STDFIT) = sqrt(WSSR/ndf)    : 2.5227e-05
variance of residuals (reduced chisquare) = WSSR/ndf   : 6.36404e-10

Final set of parameters            Asymptotic Standard Error
=======================            ==========================
a               = 0.21432          +/- 0.004777     (2.229%)
b               = 1.09068          +/- 0.006989     (0.6408%)

correlation matrix of the fit parameters:
                a      b      
a               1.000 
b               0.992  1.000 


*******************************************************************************
Fri Apr  6 15:26:44 2018


FIT:    data read from "data" u 1:6
        format = x:z
        #datapoints = 250
        residuals are weighted equally (unit weight)

function used for fitting: f(x)
	f(x)=a*exp(-b*x)
fitted parameters initialized with current variable values

iter      chisq       delta/lim  lambda   a             b            
   0 1.6577155445e+01   0.00e+00  8.42e-03    1.000000e+00   1.000000e+00

Current data point
=========================
#               = 59 out of 250
x               = 7.15337        
z               = 0              

Current set of parameters
=========================
a               = 7.15337        
b               = -15.3173       

BREAK: Undefined value during function evaluation

*******************************************************************************
Fri Apr  6 15:27:52 2018


FIT:    data read from "data" u 1:6
        format = x:z
        #datapoints = 250
        residuals are weighted equally (unit weight)

function used for fitting: f(x)
	f(x)=a*exp(-b*x)
fitted parameters initialized with current variable values

iter      chisq       delta/lim  lambda   a             b            
   0 1.6577155445e+01   0.00e+00  8.42e-03    1.000000e+00   1.000000e+00

Current data point
=========================
#               = 59 out of 250
x               = 7.15337        
z               = 0              

Current set of parameters
=========================
a               = 7.15337        
b               = -15.3173       

BREAK: Undefined value during function evaluation

*******************************************************************************
Fri Apr  6 15:28:04 2018


FIT:    data read from "data" u 1:6
        format = x:z
        #datapoints = 250
        residuals are weighted equally (unit weight)

function used for fitting: f(x)
	f(x)=a*exp(-b*x)
fitted parameters initialized with current variable values


Current data point
=========================
#               = 59 out of 250
x               = 7.15337        
z               = 0              

Current set of parameters
=========================
a               = 7.15337        
b               = -15.3173       

BREAK: Undefined value during function evaluation

*******************************************************************************
Fri Apr  6 15:28:19 2018


FIT:    data read from "data" u 1:6
        format = x:z
        #datapoints = 250
        residuals are weighted equally (unit weight)

function used for fitting: f(x)
	f(x)=a*exp(-b*x)
fitted parameters initialized with current variable values


Current data point
=========================
#               = 59 out of 250
x               = 7.15337        
z               = 0              

Current set of parameters
=========================
a               = 7.15337        
b               = -15.3173       

BREAK: Undefined value during function evaluation

*******************************************************************************
Fri Apr  6 15:28:35 2018


FIT:    data read from "data" u 1:6
        format = x:z
        #datapoints = 250
        residuals are weighted equally (unit weight)

function used for fitting: f(x)
	f(x)=a*exp(-b*x)
fitted parameters initialized with current variable values


Current data point
=========================
#               = 59 out of 250
x               = 7.15337        
z               = 0              

Current set of parameters
=========================
a               = 7.15337        
b               = -15.3173       

BREAK: Undefined value during function evaluation

*******************************************************************************
Fri Apr  6 15:28:41 2018


FIT:    data read from "data" u 1:6
        format = x:z
        #datapoints = 250
        residuals are weighted equally (unit weight)

function used for fitting: f(x)
	f(x)=a*exp(-b*x)
fitted parameters initialized with current variable values


Current data point
=========================
#               = 59 out of 250
x               = 7.15337        
z               = 0              

Current set of parameters
=========================
a               = 7.15337        
b               = -15.3173       

BREAK: Undefined value during function evaluation

*******************************************************************************
Fri Apr  6 15:28:55 2018


FIT:    data read from "data" u 1:6
        format = x:z
        #datapoints = 250
        residuals are weighted equally (unit weight)

function used for fitting: f(x) [3:30]
	f(x)=a*exp(-b*x)
fitted parameters initialized with current variable values



*******************************************************************************
Fri Apr  6 15:29:15 2018


FIT:    data read from "data" u 1:6
        format = x:z
        x range restricted to [3.00000 : 30.0000]
        #datapoints = 38
        residuals are weighted equally (unit weight)

function used for fitting: f(x)
	f(x)=a*exp(-b*x)
fitted parameters initialized with current variable values

iter      chisq       delta/lim  lambda   a             b            
   0 -nan              -nan       inf         7.153368e+00  -1.531727e+01

Current data point
=========================
#               = 1 out of 38
x               = nan            
z               = 3.89154        

Current set of parameters
=========================
a               = nan            
b               = nan            

BREAK: Function evaluation yields NaN ("not a number")

*******************************************************************************
Fri Apr  6 15:29:21 2018


FIT:    data read from "data" u 1:6
        format = x:z
        x range restricted to [3.00000 : 30.0000]
        #datapoints = 38
        residuals are weighted equally (unit weight)

function used for fitting: f(x)
	f(x)=a*exp(-b*x)
fitted parameters initialized with current variable values


Current data point
=========================
#               = 1 out of 38
x               = nan            
z               = 3.89154        

Current set of parameters
=========================
a               = nan            
b               = nan            

BREAK: Function evaluation yields NaN ("not a number")

*******************************************************************************
Fri Apr  6 15:29:27 2018


FIT:    data read from "data" u 1:6
        format = x:z
        x range restricted to [4.00000 : 20.0000]
        #datapoints = 20
        residuals are weighted equally (unit weight)

function used for fitting: f(x)
	f(x)=a*exp(-b*x)
fitted parameters initialized with current variable values


Current data point
=========================
#               = 1 out of 20
x               = nan            
z               = 0.454222       

Current set of parameters
=========================
a               = nan            
b               = nan            

BREAK: Function evaluation yields NaN ("not a number")

*******************************************************************************
Fri Apr  6 15:29:32 2018


FIT:    data read from "data" u 1:6
        format = x:z
        #datapoints = 250
        residuals are weighted equally (unit weight)

function used for fitting: f(x)
	f(x)=a*exp(-b*x)
fitted parameters initialized with current variable values


Current data point
=========================
#               = 1 out of 250
x               = nan            
z               = 3.89154        

Current set of parameters
=========================
a               = nan            
b               = nan            

BREAK: Function evaluation yields NaN ("not a number")

*******************************************************************************
Fri Apr  6 15:29:34 2018


FIT:    data read from "data" u 1:6
        format = x:z
        #datapoints = 250
        residuals are weighted equally (unit weight)

function used for fitting: f(x)
	f(x)=a*exp(-b*x)
fitted parameters initialized with current variable values


Current data point
=========================
#               = 1 out of 250
x               = nan            
z               = 3.89154        

Current set of parameters
=========================
a               = nan            
b               = nan            

BREAK: Function evaluation yields NaN ("not a number")

*******************************************************************************
Fri Apr  6 15:29:41 2018


FIT:    data read from "data" u 1:6
        format = x:z
        #datapoints = 250
        residuals are weighted equally (unit weight)

function used for fitting: f(x)
	f(x)=a*exp(-b*x)
fitted parameters initialized with current variable values

iter      chisq       delta/lim  lambda   a             b            
   0 1.3161388249e+01   0.00e+00  5.02e-02    1.000000e+00   3.000000e-01
  38 8.4054904425e-04  -3.45e-03  5.02e-08    2.352403e+02   1.367538e+00

After 38 iterations the fit converged.
final sum of squares of residuals : 0.000840549
rel. change during last iteration : -3.45274e-08

degrees of freedom    (FIT_NDF)                        : 248
rms of residuals      (FIT_STDFIT) = sqrt(WSSR/ndf)    : 0.00184101
variance of residuals (reduced chisquare) = WSSR/ndf   : 3.38931e-06

Final set of parameters            Asymptotic Standard Error
=======================            ==========================
a               = 235.24           +/- 1.087        (0.462%)
b               = 1.36754          +/- 0.001486     (0.1087%)

correlation matrix of the fit parameters:
                a      b      
a               1.000 
b               0.995  1.000 


*******************************************************************************
Fri Apr  6 15:30:40 2018


FIT:    data read from "data" u 1:6
        format = x:z
        #datapoints = 250
        residuals are weighted equally (unit weight)

function used for fitting: f(x)
	f(x)=a+b/x+c/x**2
fitted parameters initialized with current variable values

iter      chisq       delta/lim  lambda   a             b             c            
   0 1.3835553993e+07   0.00e+00  1.36e+02    2.352403e+02   1.367538e+00   1.000000e+00
   7 1.6337853574e+00  -2.03e-04  1.36e-05    6.300626e-02  -5.679712e+00   4.564214e+01

After 7 iterations the fit converged.
final sum of squares of residuals : 1.63379
rel. change during last iteration : -2.02829e-09

degrees of freedom    (FIT_NDF)                        : 247
rms of residuals      (FIT_STDFIT) = sqrt(WSSR/ndf)    : 0.0813297
variance of residuals (reduced chisquare) = WSSR/ndf   : 0.00661452

Final set of parameters            Asymptotic Standard Error
=======================            ==========================
a               = 0.0630063        +/- 0.007328     (11.63%)
b               = -5.67971         +/- 0.3346       (5.891%)
c               = 45.6421          +/- 1.348        (2.953%)

correlation matrix of the fit parameters:
                a      b      c      
a               1.000 
b              -0.698  1.000 
c               0.578 -0.913  1.000 


*******************************************************************************
Fri Apr  6 15:30:57 2018


FIT:    data read from "data" u 1:6
        format = x:z
        #datapoints = 250
        residuals are weighted equally (unit weight)

function used for fitting: f(x)
	f(x)=a*exp(-b*x)
fitted parameters initialized with current variable values


Current data point
=========================
#               = 158 out of 250
x               = 0.0630063      
z               = 0              

Current set of parameters
=========================
a               = 0.0630063      
b               = -5.67971       

BREAK: Undefined value during function evaluation

*******************************************************************************
Fri Apr  6 15:31:14 2018


FIT:    data read from "data" u 1:6
        format = x:z
        #datapoints = 250
        residuals are weighted equally (unit weight)

function used for fitting: f(x)
	f(x)=a*exp(-b*x)
fitted parameters initialized with current variable values

iter      chisq       delta/lim  lambda   a             b            
   0 1.6760521915e+01   0.00e+00  3.16e-03    6.300626e-02   3.000000e-01
  87 8.4054904425e-04  -3.49e-03  3.16e-09    2.352403e+02   1.367538e+00

After 87 iterations the fit converged.
final sum of squares of residuals : 0.000840549
rel. change during last iteration : -3.49495e-08

degrees of freedom    (FIT_NDF)                        : 248
rms of residuals      (FIT_STDFIT) = sqrt(WSSR/ndf)    : 0.00184101
variance of residuals (reduced chisquare) = WSSR/ndf   : 3.38931e-06

Final set of parameters            Asymptotic Standard Error
=======================            ==========================
a               = 235.24           +/- 1.087        (0.462%)
b               = 1.36754          +/- 0.001486     (0.1087%)

correlation matrix of the fit parameters:
                a      b      
a               1.000 
b               0.995  1.000 


*******************************************************************************
Mon Apr  9 12:42:04 2018


FIT:    data read from "data" u 1:6
        format = x:z
        #datapoints = 63
        residuals are weighted equally (unit weight)

function used for fitting: f(x)
	f(x)=a+b/x**2
fitted parameters initialized with current variable values

iter      chisq       delta/lim  lambda   a             b            
   0 2.9216502409e+04   0.00e+00  7.07e-01    1.000000e+00   1.000000e+00
   4 4.1985031123e+03  -1.51e-01  7.07e-05   -3.991387e+00   1.123869e+03

After 4 iterations the fit converged.
final sum of squares of residuals : 4198.5
rel. change during last iteration : -1.51379e-06

degrees of freedom    (FIT_NDF)                        : 61
rms of residuals      (FIT_STDFIT) = sqrt(WSSR/ndf)    : 8.29626
variance of residuals (reduced chisquare) = WSSR/ndf   : 68.8279

Final set of parameters            Asymptotic Standard Error
=======================            ==========================
a               = -3.99139         +/- 1.132        (28.36%)
b               = 1123.87          +/- 59.66        (5.309%)

correlation matrix of the fit parameters:
                a      b      
a               1.000 
b              -0.384  1.000 


*******************************************************************************
Mon Apr  9 12:42:36 2018


FIT:    data read from "data" u 1:6
        format = x:z
        #datapoints = 63
        residuals are weighted equally (unit weight)

function used for fitting: f(x)
	f(x)=a+b/x**3
fitted parameters initialized with current variable values

iter      chisq       delta/lim  lambda   a             b            
   0 1.7883201126e+04   0.00e+00  5.18e+00   -3.991387e+00   1.123869e+03
   3 9.3573231909e+02  -2.42e-06  5.18e-03   -1.503677e+00   3.969259e+03

After 3 iterations the fit converged.
final sum of squares of residuals : 935.732
rel. change during last iteration : -2.4221e-11

degrees of freedom    (FIT_NDF)                        : 61
rms of residuals      (FIT_STDFIT) = sqrt(WSSR/ndf)    : 3.91662
variance of residuals (reduced chisquare) = WSSR/ndf   : 15.3399

Final set of parameters            Asymptotic Standard Error
=======================            ==========================
a               = -1.50368         +/- 0.5113       (34.01%)
b               = 3969.26          +/- 93.43        (2.354%)

correlation matrix of the fit parameters:
                a      b      
a               1.000 
b              -0.262  1.000 


*******************************************************************************
Mon Apr  9 12:43:05 2018


FIT:    data read from "data" u 1:6
        format = x:z
        #datapoints = 63
        residuals are weighted equally (unit weight)

function used for fitting: f(x)
	f(x)=a*exp(-x*b)
fitted parameters initialized with current variable values

iter      chisq       delta/lim  lambda   a             b            
   0 2.9728231588e+04   0.00e+00  0.00e+00   -1.503677e+00   3.969259e+03
BREAK: Singular matrix in Givens()

*******************************************************************************
Mon Apr  9 12:43:28 2018


FIT:    data read from "data" u 1:6
        format = x:z
        #datapoints = 63
        residuals are weighted equally (unit weight)

function used for fitting: f(x)
	f(x)=a*exp(-x*b)
fitted parameters initialized with current variable values

iter      chisq       delta/lim  lambda   a             b            
   0 2.9465658642e+04   0.00e+00  1.42e-01    1.000000e+00   2.000000e-01
  40 1.3176205749e+01  -9.94e-03  1.42e-07    4.698241e+03   1.131518e+00

After 40 iterations the fit converged.
final sum of squares of residuals : 13.1762
rel. change during last iteration : -9.93559e-08

degrees of freedom    (FIT_NDF)                        : 61
rms of residuals      (FIT_STDFIT) = sqrt(WSSR/ndf)    : 0.464762
variance of residuals (reduced chisquare) = WSSR/ndf   : 0.216003

Final set of parameters            Asymptotic Standard Error
=======================            ==========================
a               = 4698.24          +/- 104.4        (2.222%)
b               = 1.13152          +/- 0.006999     (0.6185%)

correlation matrix of the fit parameters:
                a      b      
a               1.000 
b               0.993  1.000 


*******************************************************************************
Mon Apr  9 15:53:48 2018


FIT:    data read from "data" u 1:3
        format = x:z
        #datapoints = 63
        residuals are weighted equally (unit weight)

function used for fitting: f(x)
	f(x)=a+b/x**2
fitted parameters initialized with current variable values

iter      chisq       delta/lim  lambda   a             b            
   0 6.3940287103e+01   0.00e+00  7.07e-01    1.000000e+00   1.000000e+00
   6 5.9719165371e-16  -1.65e-11  7.07e-07    6.288094e-09   6.839420e-07

After 6 iterations the fit converged.
final sum of squares of residuals : 5.97192e-16
rel. change during last iteration : -1.65119e-16

degrees of freedom    (FIT_NDF)                        : 61
rms of residuals      (FIT_STDFIT) = sqrt(WSSR/ndf)    : 3.1289e-09
variance of residuals (reduced chisquare) = WSSR/ndf   : 9.79003e-18

Final set of parameters            Asymptotic Standard Error
=======================            ==========================
a               = 6.28809e-09      +/- 4.269e-10    (6.789%)
b               = 6.83942e-07      +/- 2.25e-08     (3.29%)

correlation matrix of the fit parameters:
                a      b      
a               1.000 
b              -0.384  1.000 


*******************************************************************************
Mon Apr  9 15:54:44 2018


FIT:    data read from "data" u 1:3
        format = x:z
        #datapoints = 63
        residuals are weighted equally (unit weight)

function used for fitting: f(x)
	f(x)=a+b/x+c/x**2
fitted parameters initialized with current variable values

iter      chisq       delta/lim  lambda   a             b            
   0 2.2676598662e-02   0.00e+00  4.15e-08    6.288094e-09   6.839420e-07
   4 1.9403157420e-03  -2.15e-07  4.15e-12    9.737970e-03  -2.787345e-01

After 4 iterations the fit converged.
final sum of squares of residuals : 0.00194032
rel. change during last iteration : -2.14648e-12

degrees of freedom    (FIT_NDF)                        : 61
rms of residuals      (FIT_STDFIT) = sqrt(WSSR/ndf)    : 0.0056399
variance of residuals (reduced chisquare) = WSSR/ndf   : 3.18085e-05

Final set of parameters            Asymptotic Standard Error
=======================            ==========================
a               = 0.00973797       +/- 0.001017     (10.45%)
b               = -0.278735        +/- 0.01192      (4.276%)

correlation matrix of the fit parameters:
                a      b      
a               1.000 
b              -0.716  1.000 


*******************************************************************************
Mon Apr  9 15:54:48 2018


FIT:    data read from "data" u 1:3
        format = x:z
        #datapoints = 63
        residuals are weighted equally (unit weight)

function used for fitting: f(x)
	f(x)=a+b/x+c/x**2
fitted parameters initialized with current variable values

iter      chisq       delta/lim  lambda   a             b             c            
   0 1.9403157420e-03   0.00e+00  1.84e-02    9.737970e-03  -2.787345e-01   1.000000e+00
   5 1.4855573462e-19  -7.43e-06  1.84e-07    1.656207e-10   1.630126e-07   1.577999e-07

After 5 iterations the fit converged.
final sum of squares of residuals : 1.48556e-19
rel. change during last iteration : -7.43179e-11

degrees of freedom    (FIT_NDF)                        : 60
rms of residuals      (FIT_STDFIT) = sqrt(WSSR/ndf)    : 4.97587e-11
variance of residuals (reduced chisquare) = WSSR/ndf   : 2.47593e-21

Final set of parameters            Asymptotic Standard Error
=======================            ==========================
a               = 1.65621e-10      +/- 1.42e-11     (8.572%)
b               = 1.63013e-07      +/- 3.32e-10     (0.2036%)
c               = 1.578e-07        +/- 1.13e-09     (0.7159%)

correlation matrix of the fit parameters:
                a      b      c      
a               1.000 
b              -0.878  1.000 
c               0.775 -0.948  1.000 


*******************************************************************************
Mon Apr  9 15:55:08 2018


FIT:    data read from "data" u 1:3
        format = x:z
        #datapoints = 63
        residuals are weighted equally (unit weight)

function used for fitting: f(x)
	f(x)=a+b/x
fitted parameters initialized with current variable values

iter      chisq       delta/lim  lambda   a             b            
   0 5.6481222258e-16   0.00e+00  9.84e-09    1.656207e-10   1.630126e-07
   5 4.8464030253e-17  -7.14e-08  9.84e-14   -1.371031e-09   2.069969e-07

After 5 iterations the fit converged.
final sum of squares of residuals : 4.8464e-17
rel. change during last iteration : -7.1391e-13

degrees of freedom    (FIT_NDF)                        : 61
rms of residuals      (FIT_STDFIT) = sqrt(WSSR/ndf)    : 8.91343e-10
variance of residuals (reduced chisquare) = WSSR/ndf   : 7.94492e-19

Final set of parameters            Asymptotic Standard Error
=======================            ==========================
a               = -1.37103e-09     +/- 1.608e-10    (11.73%)
b               = 2.06997e-07      +/- 1.884e-09    (0.91%)

correlation matrix of the fit parameters:
                a      b      
a               1.000 
b              -0.716  1.000 
